mar. 19, 2025 11:37:17 A. M. com.f6.Main main
INFO: Starting Order Computer Listener...
mar. 19, 2025 11:38:16 A. M. com.f6.Main main
INFO: Starting Order Computer Listener...
mar. 19, 2025 11:38:36 A. M. com.f6.Main main
INFO: Starting Order Computer Listener...
mar. 19, 2025 11:39:29 A. M. com.f6.Main main
INFO: Starting Order Computer Listener...
mar. 20, 2025 1:05:58 P. M. com.f6.Main main
INFO: Starting Order Computer Listener...
Jul 16, 2025 12:24:15 PM com.f6.Main main
INFO: Starting Order Computer Listener...
Jul 16, 2025 12:25:01 PM com.f6.Main main
INFO: Starting Order Computer Listener...
Jul 16, 2025 2:00:50 PM com.f6.Main main
INFO: Starting Order Computer Listener...
Jul 16, 2025 2:18:15 PM com.f6.Main main
INFO: Starting Order Computer Listener...
Jul 16, 2025 2:20:37 PM com.f6.Main main
INFO: Starting Order Computer Listener...
Jul 16, 2025 2:27:21 PM com.f6.Main main
INFO: Starting Order Computer Listener...
Jul 16, 2025 2:28:52 PM com.f6.Main main
INFO: Starting Order Computer Listener...
Jul 16, 2025 2:35:51 PM com.f6.Main main
INFO: Starting Order Computer Listener...
Jul 16, 2025 2:44:34 PM com.f6.Main main
INFO: Starting Order Computer Listener...
Jul 16, 2025 3:47:14 PM com.f6.Main main
INFO: Starting Order Computer Listener...
Jul 16, 2025 3:50:34 PM com.f6.Main main
INFO: Starting Order Computer Listener...
Jul 16, 2025 4:00:41 PM com.f6.Main main
INFO: Starting Order Computer Listener...
Jul 16, 2025 4:03:55 PM com.f6.Main main
INFO: Starting Order Computer Listener...
Feb 06, 2026 4:28:38 PM com.f6.Main main
INFO: Starting Order Computer Listener...
Feb 06, 2026 4:28:38 PM com.f6.Main main
INFO: Activado el SystemTray
Feb 06, 2026 4:28:38 PM com.f6.Main main
INFO: Socket initialized with URL: io.socket.client.Manager@3cbbc1e0
Feb 06, 2026 4:28:38 PM com.f6.Main main
INFO: Machine name: LabcompDev-6
Feb 06, 2026 4:28:38 PM com.f6.Main main
INFO: Connecting to WebSocket server...
Feb 06, 2026 4:28:38 PM com.f6.Main main
INFO: Check-in event emitted with machine name: LabcompDev-6
Feb 06, 2026 4:29:06 PM com.f6.Main main
INFO: Starting Order Computer Listener...
Feb 06, 2026 4:29:06 PM com.f6.Main main
INFO: Activado el SystemTray
Feb 06, 2026 4:29:06 PM com.f6.Main main
INFO: Socket initialized with URL: io.socket.client.Manager@3cbbc1e0
Feb 06, 2026 4:29:06 PM com.f6.Main main
INFO: Machine name: LabcompDev-6
Feb 06, 2026 4:29:06 PM com.f6.Main main
INFO: Connecting to WebSocket server...
Feb 06, 2026 4:29:06 PM com.f6.Main main
INFO: Check-in event emitted with machine name: LabcompDev-6
Feb 06, 2026 4:29:21 PM com.f6.Main main
INFO: Starting Order Computer Listener...
Feb 06, 2026 4:29:21 PM com.f6.Main main
INFO: Activado el SystemTray
Feb 06, 2026 4:29:21 PM com.f6.Main main
INFO: Socket initialized with URL: io.socket.client.Manager@3cbbc1e0
Feb 06, 2026 4:29:21 PM com.f6.Main main
INFO: Machine name: LabcompDev-6
Feb 06, 2026 4:29:21 PM com.f6.Main main
INFO: Connecting to WebSocket server...
Feb 06, 2026 4:29:21 PM com.f6.Main main
INFO: Check-in event emitted with machine name: LabcompDev-6
Feb 10, 2026 10:33:19 AM com.f6.Main main
INFO: Starting Order Computer Listener...
Feb 10, 2026 10:33:19 AM com.f6.Main main
INFO: Activado el SystemTray
Feb 10, 2026 10:33:19 AM com.f6.Main main
INFO: Socket initialized with URL: io.socket.client.Manager@47f6473
Feb 10, 2026 10:33:19 AM com.f6.Main main
INFO: Machine name: LabcompDev-6
Feb 10, 2026 10:33:19 AM com.f6.Main main
INFO: Connecting to WebSocket server...
Feb 10, 2026 10:33:19 AM com.f6.Main main
INFO: Check-in event emitted with machine name: LabcompDev-6
Feb 10, 2026 11:35:30 AM com.f6.Main main
INFO: Starting Order Computer Listener...
Feb 10, 2026 11:35:30 AM com.f6.Main main
INFO: Activado el SystemTray
Feb 10, 2026 11:35:30 AM com.f6.Main main
INFO: Socket initialized with URL: io.socket.client.Manager@3cbbc1e0
Feb 10, 2026 11:35:30 AM com.f6.Main main
INFO: Machine name: LabcompDev-6
Feb 10, 2026 11:35:30 AM com.f6.Main main
INFO: Connecting to WebSocket server...
Feb 10, 2026 11:35:30 AM com.f6.Main main
INFO: Check-in event emitted with machine name: LabcompDev-6
Feb 10, 2026 12:11:17 PM com.f6.Main main
INFO: Starting Order Computer Listener...
Feb 10, 2026 12:11:18 PM com.f6.Main main
INFO: Activado el SystemTray
Feb 10, 2026 12:11:18 PM com.f6.Main main
INFO: Socket initialized with URL: io.socket.client.Manager@3cbbc1e0
Feb 10, 2026 12:11:18 PM com.f6.Main main
INFO: Machine name: LabcompDev-6
Feb 10, 2026 12:11:18 PM com.f6.Main main
INFO: Connecting to WebSocket server...
Feb 10, 2026 12:11:18 PM com.f6.Main main
INFO: Check-in event emitted with machine name: LabcompDev-6
Feb 10, 2026 12:17:03 PM com.f6.Main main
INFO: Starting Order Computer Listener...
Feb 10, 2026 12:17:03 PM com.f6.Main main
INFO: Activado el SystemTray
Feb 10, 2026 12:17:03 PM com.f6.Main main
INFO: Socket initialized with URL: io.socket.client.Manager@3cbbc1e0
Feb 10, 2026 12:17:03 PM com.f6.Main main
INFO: Machine name: LabcompDev-6
Feb 10, 2026 12:17:03 PM com.f6.Main main
INFO: Connecting to WebSocket server...
Feb 10, 2026 12:17:03 PM com.f6.Main main
INFO: Check-in event emitted with machine name: LabcompDev-6
Feb 10, 2026 12:17:21 PM com.f6.Main main
INFO: Starting Order Computer Listener...
Feb 10, 2026 12:17:21 PM com.f6.Main main
INFO: Activado el SystemTray
Feb 10, 2026 12:17:21 PM com.f6.Main main
INFO: Socket initialized with URL: io.socket.client.Manager@3cbbc1e0
Feb 10, 2026 12:17:21 PM com.f6.Main main
INFO: Machine name: LabcompDev-6
Feb 10, 2026 12:17:21 PM com.f6.Main main
INFO: Connecting to WebSocket server...
Feb 10, 2026 12:17:21 PM com.f6.Main main
INFO: Check-in event emitted with machine name: LabcompDev-6
Feb 10, 2026 12:17:55 PM com.f6.Main main
INFO: Starting Order Computer Listener...
Feb 10, 2026 12:17:56 PM com.f6.Main main
INFO: Activado el SystemTray
Feb 10, 2026 12:17:56 PM com.f6.Main main
INFO: Socket initialized with URL: io.socket.client.Manager@3cbbc1e0
Feb 10, 2026 12:17:56 PM com.f6.Main main
INFO: Machine name: LabcompDev-6
Feb 10, 2026 12:17:56 PM com.f6.Main main
INFO: Connecting to WebSocket server...
Feb 10, 2026 12:17:56 PM com.f6.Main main
INFO: Check-in event emitted with machine name: LabcompDev-6
Feb 10, 2026 2:23:11 PM com.f6.Main main
INFO: Starting Order Computer Listener...
Feb 10, 2026 2:23:11 PM com.f6.Main main
INFO: Activado el SystemTray
Feb 10, 2026 2:23:11 PM com.f6.Main main
INFO: Socket initialized with URL: io.socket.client.Manager@3cbbc1e0
Feb 10, 2026 2:23:12 PM com.f6.Main main
INFO: Machine name: LabcompDev-6
Feb 10, 2026 2:23:12 PM com.f6.Main main
INFO: Connecting to WebSocket server...
Feb 10, 2026 2:23:12 PM com.f6.Main main
INFO: Check-in event emitted with machine name: LabcompDev-6
Feb 10, 2026 2:33:16 PM com.f6.Main main
INFO: Starting Order Computer Listener...
Feb 10, 2026 2:33:17 PM com.f6.Main main
INFO: Activado el SystemTray
Feb 10, 2026 2:33:17 PM com.f6.Main main
INFO: Socket initialized with URL: io.socket.client.Manager@3cbbc1e0
Feb 10, 2026 2:33:17 PM com.f6.Main main
INFO: Machine name: LabcompDev-6
Feb 10, 2026 2:33:17 PM com.f6.Main main
INFO: Connecting to WebSocket server...
Feb 10, 2026 2:33:17 PM com.f6.Main main
INFO: Check-in event emitted with machine name: LabcompDev-6
Feb 10, 2026 3:18:23 PM com.f6.Main main
INFO: Starting Order Computer Listener...
Feb 10, 2026 3:18:25 PM com.f6.Main main
INFO: Activado el SystemTray
Feb 10, 2026 3:18:25 PM com.f6.Main main
INFO: Socket initialized with URL: io.socket.client.Manager@3cbbc1e0
Feb 10, 2026 3:18:25 PM com.f6.Main main
INFO: Machine name: LabcompDev-6
Feb 10, 2026 3:18:25 PM com.f6.Main main
INFO: Connecting to WebSocket server...
Feb 10, 2026 3:18:25 PM com.f6.Main main
INFO: Check-in event emitted with machine name: LabcompDev-6
Feb 10, 2026 3:26:23 PM com.f6.Main main
INFO: Starting Order Computer Listener...
Feb 10, 2026 3:26:23 PM com.f6.Main main
INFO: Activado el SystemTray
Feb 10, 2026 3:26:23 PM com.f6.Main main
INFO: Socket initialized with URL: io.socket.client.Manager@3cbbc1e0
Feb 10, 2026 3:26:23 PM com.f6.Main main
INFO: Machine name: LabcompDev-6
Feb 10, 2026 3:26:23 PM com.f6.Main main
INFO: Connecting to WebSocket server...
Feb 10, 2026 3:26:23 PM com.f6.Main main
INFO: Check-in event emitted with machine name: LabcompDev-6
Feb 10, 2026 3:59:05 PM com.f6.Main main
INFO: Starting Order Computer Listener...
Feb 10, 2026 3:59:05 PM com.f6.Main main
INFO: Activado el SystemTray
Feb 10, 2026 3:59:05 PM com.f6.Main main
INFO: Socket initialized with URL: io.socket.client.Manager@3cbbc1e0
Feb 10, 2026 3:59:06 PM com.f6.Main main
INFO: Machine name: LabcompDev-6
Feb 10, 2026 3:59:06 PM com.f6.Main main
INFO: Connecting to WebSocket server...
Feb 10, 2026 3:59:06 PM com.f6.Main main
INFO: Check-in event emitted with machine name: LabcompDev-6
Feb 10, 2026 4:00:19 PM com.f6.Main main
INFO: Starting Order Computer Listener...
Feb 10, 2026 4:00:20 PM com.f6.Main main
INFO: Activado el SystemTray
Feb 10, 2026 4:00:20 PM com.f6.Main main
INFO: Socket initialized with URL: io.socket.client.Manager@3cbbc1e0
Feb 10, 2026 4:00:20 PM com.f6.Main main
INFO: Machine name: LabcompDev-6
Feb 10, 2026 4:00:20 PM com.f6.Main main
INFO: Connecting to WebSocket server...
Feb 10, 2026 4:00:20 PM com.f6.Main main
INFO: Check-in event emitted with machine name: LabcompDev-6
Feb 10, 2026 4:03:11 PM com.f6.Main main
INFO: Starting Order Computer Listener...
Feb 10, 2026 4:03:11 PM com.f6.Main main
INFO: Activado el SystemTray
Feb 10, 2026 4:03:11 PM com.f6.Main main
INFO: Socket initialized with URL: io.socket.client.Manager@3cbbc1e0
Feb 10, 2026 4:03:11 PM com.f6.Main main
INFO: Machine name: LabcompDev-6
Feb 10, 2026 4:03:11 PM com.f6.Main main
INFO: Connecting to WebSocket server...
Feb 10, 2026 4:03:11 PM com.f6.Main main
INFO: Check-in event emitted with machine name: LabcompDev-6
Feb 10, 2026 4:39:09 PM com.f6.Main main
INFO: Starting Order Computer Listener...
Feb 10, 2026 4:39:09 PM com.f6.Main main
INFO: Activado el SystemTray
Feb 10, 2026 4:39:09 PM com.f6.Main main
INFO: Socket initialized with URL: io.socket.client.Manager@3cbbc1e0
Feb 10, 2026 4:39:09 PM com.f6.Main main
INFO: Machine name: LabcompDev-6
Feb 10, 2026 4:39:09 PM com.f6.Main main
INFO: Connecting to WebSocket server...
Feb 10, 2026 4:39:10 PM com.f6.Main main
INFO: Check-in event emitted with machine name: LabcompDev-6
Feb 10, 2026 4:44:45 PM com.f6.Main main
INFO: Starting Order Computer Listener...
Feb 10, 2026 4:44:45 PM com.f6.Main main
INFO: Activado el SystemTray
Feb 10, 2026 4:44:45 PM com.f6.Main main
INFO: Socket initialized with URL: io.socket.client.Manager@3cbbc1e0
Feb 10, 2026 4:44:45 PM com.f6.Main main
INFO: Machine name: LabcompDev-6
Feb 10, 2026 4:44:45 PM com.f6.Main main
INFO: Connecting to WebSocket server...
Feb 10, 2026 4:44:45 PM com.f6.Main main
INFO: Check-in event emitted with machine name: LabcompDev-6
Feb 11, 2026 12:01:41 PM com.f6.Main main
INFO: Starting Order Computer Listener...
Feb 11, 2026 12:01:41 PM com.f6.Main main
INFO: Activado el SystemTray
Feb 11, 2026 12:01:41 PM com.f6.Main main
INFO: Socket initialized with URL: io.socket.client.Manager@47f6473
Feb 11, 2026 12:01:41 PM com.f6.Main main
INFO: Machine name: LabcompDev-6
Feb 11, 2026 12:01:41 PM com.f6.Main main
INFO: Connecting to WebSocket server...
Feb 11, 2026 12:01:41 PM com.f6.Main main
INFO: Check-in event emitted with machine name: LabcompDev-6
Feb 11, 2026 12:10:47 PM com.f6.Main main
INFO: Starting Order Computer Listener...
Feb 11, 2026 12:10:47 PM com.f6.Main main
INFO: Activado el SystemTray
Feb 11, 2026 12:10:47 PM com.f6.Main main
INFO: Socket initialized with URL: io.socket.client.Manager@36f6e879
Feb 11, 2026 12:10:47 PM com.f6.Main main
INFO: Machine name: LabcompDev-6
Feb 11, 2026 12:10:47 PM com.f6.Main main
INFO: Connecting to WebSocket server...
Feb 11, 2026 12:10:47 PM com.f6.Main main
INFO: Check-in event emitted with machine name: LabcompDev-6
Feb 11, 2026 12:11:55 PM com.f6.Main main
INFO: Starting Order Computer Listener...
Feb 11, 2026 12:11:55 PM com.f6.Main main
INFO: Activado el SystemTray
Feb 11, 2026 12:11:55 PM com.f6.Main main
INFO: Socket initialized with URL: io.socket.client.Manager@3cbbc1e0
Feb 11, 2026 12:11:55 PM com.f6.Main main
INFO: Machine name: LabcompDev-6
Feb 11, 2026 12:11:55 PM com.f6.Main main
INFO: Connecting to WebSocket server...
Feb 11, 2026 12:11:55 PM com.f6.Main main
INFO: Check-in event emitted with machine name: LabcompDev-6
Feb 11, 2026 12:16:07 PM com.f6.Main main
INFO: Starting Order Computer Listener...
Feb 11, 2026 12:16:07 PM com.f6.Main main
INFO: Activado el SystemTray
Feb 11, 2026 12:16:07 PM com.f6.Main main
INFO: Socket initialized with URL: io.socket.client.Manager@3cbbc1e0
Feb 11, 2026 12:16:07 PM com.f6.Main main
INFO: Machine name: LabcompDev-6
Feb 11, 2026 12:16:07 PM com.f6.Main main
INFO: Connecting to WebSocket server...
Feb 11, 2026 12:16:07 PM com.f6.Main main
INFO: Check-in event emitted with machine name: LabcompDev-6
Feb 11, 2026 12:16:44 PM com.f6.Main main
INFO: Starting Order Computer Listener...
Feb 11, 2026 12:16:44 PM com.f6.Main main
INFO: Activado el SystemTray
Feb 11, 2026 12:16:44 PM com.f6.Main main
INFO: Socket initialized with URL: io.socket.client.Manager@3cbbc1e0
Feb 11, 2026 12:16:44 PM com.f6.Main main
INFO: Machine name: LabcompDev-6
Feb 11, 2026 12:16:44 PM com.f6.Main main
INFO: Connecting to WebSocket server...
Feb 11, 2026 12:16:44 PM com.f6.Main main
INFO: Check-in event emitted with machine name: LabcompDev-6
Feb 11, 2026 12:16:57 PM com.f6.Main main
INFO: Starting Order Computer Listener...
Feb 11, 2026 12:16:58 PM com.f6.Main main
INFO: Activado el SystemTray
Feb 11, 2026 12:16:58 PM com.f6.Main main
INFO: Socket initialized with URL: io.socket.client.Manager@3cbbc1e0
Feb 11, 2026 12:16:58 PM com.f6.Main main
INFO: Machine name: LabcompDev-6
Feb 11, 2026 12:16:58 PM com.f6.Main main
INFO: Connecting to WebSocket server...
Feb 11, 2026 12:16:58 PM com.f6.Main main
INFO: Check-in event emitted with machine name: LabcompDev-6
Feb 11, 2026 12:21:19 PM com.f6.Main main
INFO: Starting Order Computer Listener...
Feb 11, 2026 12:21:19 PM com.f6.Main main
INFO: Activado el SystemTray
Feb 11, 2026 12:21:19 PM com.f6.Main main
INFO: Socket initialized with URL: io.socket.client.Manager@3cbbc1e0
Feb 11, 2026 12:21:19 PM com.f6.Main main
INFO: Machine name: LabcompDev-6
Feb 11, 2026 12:21:19 PM com.f6.Main main
INFO: Connecting to WebSocket server...
Feb 11, 2026 12:21:19 PM com.f6.Main main
INFO: Check-in event emitted with machine name: LabcompDev-6
Feb 11, 2026 12:23:07 PM com.f6.Main main
INFO: Starting Order Computer Listener...
Feb 11, 2026 12:23:07 PM com.f6.Main main
INFO: Activado el SystemTray
Feb 11, 2026 12:23:07 PM com.f6.Main main
INFO: Socket initialized with URL: io.socket.client.Manager@3cbbc1e0
Feb 11, 2026 12:23:08 PM com.f6.Main main
INFO: Machine name: LabcompDev-6
Feb 11, 2026 12:23:08 PM com.f6.Main main
INFO: Connecting to WebSocket server...
Feb 11, 2026 12:23:08 PM com.f6.Main main
INFO: Check-in event emitted with machine name: LabcompDev-6
Feb 11, 2026 12:42:52 PM com.f6.Main main
INFO: Starting Order Computer Listener...
Feb 11, 2026 12:42:52 PM com.f6.Main main
INFO: Activado el SystemTray
Feb 11, 2026 12:42:52 PM com.f6.Main main
INFO: Socket initialized with URL: io.socket.client.Manager@3cbbc1e0
Feb 11, 2026 12:42:52 PM com.f6.Main main
INFO: Machine name: LabcompDev-6
Feb 11, 2026 12:42:52 PM com.f6.Main main
INFO: Connecting to WebSocket server...
Feb 11, 2026 12:42:52 PM com.f6.Main main
INFO: Check-in event emitted with machine name: LabcompDev-6
Feb 11, 2026 12:44:14 PM com.f6.Main main
INFO: Starting Order Computer Listener...
Feb 11, 2026 12:44:15 PM com.f6.Main main
INFO: Activado el SystemTray
Feb 11, 2026 12:44:15 PM com.f6.Main main
INFO: Socket initialized with URL: io.socket.client.Manager@3cbbc1e0
Feb 11, 2026 12:44:15 PM com.f6.Main main
INFO: Machine name: LabcompDev-6
Feb 11, 2026 12:44:15 PM com.f6.Main main
INFO: Connecting to WebSocket server...
Feb 11, 2026 12:44:15 PM com.f6.Main main
INFO: Check-in event emitted with machine name: LabcompDev-6
Feb 11, 2026 2:41:15 PM com.f6.Main main
INFO: Starting Order Computer Listener...
Feb 11, 2026 2:41:15 PM com.f6.Main main
INFO: Activado el SystemTray
Feb 11, 2026 2:41:15 PM com.f6.Main main
INFO: Socket initialized with URL: io.socket.client.Manager@3cbbc1e0
Feb 11, 2026 2:41:15 PM com.f6.Main main
INFO: Machine name: LabcompDev-6
Feb 11, 2026 2:41:15 PM com.f6.Main main
INFO: Connecting to WebSocket server...
Feb 11, 2026 2:41:15 PM com.f6.Main main
INFO: Check-in event emitted with machine name: LabcompDev-6
Feb 11, 2026 2:41:19 PM com.f6.Main main
INFO: Starting Order Computer Listener...
Feb 11, 2026 2:41:20 PM com.f6.Main main
INFO: Activado el SystemTray
Feb 11, 2026 2:41:20 PM com.f6.Main main
INFO: Socket initialized with URL: io.socket.client.Manager@3cbbc1e0
Feb 11, 2026 2:41:20 PM com.f6.Main main
INFO: Machine name: LabcompDev-6
Feb 11, 2026 2:41:20 PM com.f6.Main main
INFO: Connecting to WebSocket server...
Feb 11, 2026 2:41:20 PM com.f6.Main main
INFO: Check-in event emitted with machine name: LabcompDev-6
Feb 11, 2026 2:41:23 PM com.f6.Main main
INFO: Starting Order Computer Listener...
Feb 11, 2026 2:41:23 PM com.f6.Main main
INFO: Activado el SystemTray
Feb 11, 2026 2:41:23 PM com.f6.Main main
INFO: Socket initialized with URL: io.socket.client.Manager@3cbbc1e0
Feb 11, 2026 2:41:23 PM com.f6.Main main
INFO: Machine name: LabcompDev-6
Feb 11, 2026 2:41:23 PM com.f6.Main main
INFO: Connecting to WebSocket server...
Feb 11, 2026 2:41:23 PM com.f6.Main main
INFO: Check-in event emitted with machine name: LabcompDev-6
Feb 11, 2026 2:45:19 PM com.f6.Main main
INFO: Starting Order Computer Listener...
Feb 11, 2026 2:45:20 PM com.f6.Main main
INFO: Activado el SystemTray
Feb 11, 2026 2:45:20 PM com.f6.Main main
INFO: Socket initialized with URL: io.socket.client.Manager@3cbbc1e0
Feb 11, 2026 2:45:20 PM com.f6.Main main
INFO: Machine name: LabcompDev-6
Feb 11, 2026 2:45:20 PM com.f6.Main main
INFO: Connecting to WebSocket server...
Feb 11, 2026 2:45:20 PM com.f6.Main main
INFO: Check-in event emitted with machine name: LabcompDev-6
Feb 11, 2026 2:45:27 PM com.f6.Main main
INFO: Starting Order Computer Listener...
Feb 11, 2026 2:45:27 PM com.f6.Main main
INFO: Activado el SystemTray
Feb 11, 2026 2:45:27 PM com.f6.Main main
INFO: Socket initialized with URL: io.socket.client.Manager@3cbbc1e0
Feb 11, 2026 2:45:27 PM com.f6.Main main
INFO: Machine name: LabcompDev-6
Feb 11, 2026 2:45:27 PM com.f6.Main main
INFO: Connecting to WebSocket server...
Feb 11, 2026 2:45:27 PM com.f6.Main main
INFO: Check-in event emitted with machine name: LabcompDev-6
Feb 11, 2026 2:46:00 PM com.f6.Main main
INFO: Starting Order Computer Listener...
Feb 11, 2026 2:46:00 PM com.f6.Main main
INFO: Activado el SystemTray
Feb 11, 2026 2:46:00 PM com.f6.Main main
INFO: Socket initialized with URL: io.socket.client.Manager@3cbbc1e0
Feb 11, 2026 2:46:00 PM com.f6.Main main
INFO: Machine name: LabcompDev-6
Feb 11, 2026 2:46:00 PM com.f6.Main main
INFO: Connecting to WebSocket server...
Feb 11, 2026 2:46:00 PM com.f6.Main main
INFO: Check-in event emitted with machine name: LabcompDev-6
Feb 11, 2026 2:47:39 PM com.f6.Main main
INFO: Starting Order Computer Listener...
Feb 11, 2026 2:47:39 PM com.f6.Main main
INFO: Activado el SystemTray
Feb 11, 2026 2:47:39 PM com.f6.Main main
INFO: Socket initialized with URL: io.socket.client.Manager@3cbbc1e0
Feb 11, 2026 2:47:39 PM com.f6.Main main
INFO: Check-in event emitted with machine name: LabcompDev-6
Feb 11, 2026 2:49:08 PM com.f6.Main main
INFO: Starting Order Computer Listener...
Feb 11, 2026 2:49:08 PM com.f6.Main main
INFO: Activado el SystemTray
Feb 11, 2026 2:49:08 PM com.f6.Main main
INFO: Conexion exitosa: io.socket.client.Manager@3cbbc1e0
Feb 11, 2026 2:49:08 PM com.f6.Main main
INFO: Check-in event emitted with machine name: LabcompDev-6
Feb 11, 2026 2:49:55 PM com.f6.Main main
INFO: Activado el SystemTray
Feb 11, 2026 2:49:55 PM com.f6.Main main
INFO: Conexion exitosa: io.socket.client.Manager@3cbbc1e0
Feb 11, 2026 2:49:55 PM com.f6.Main main
INFO: Check-in event emitted with machine name: LabcompDev-6
Feb 11, 2026 3:38:22 PM com.f6.Main main
INFO: Activado el SystemTray
Feb 11, 2026 3:38:22 PM com.f6.Main main
INFO: Conexion exitosa: io.socket.client.Manager@3cbbc1e0
Feb 11, 2026 3:38:22 PM com.f6.Main main
INFO: Check-in event emitted with machine name: LabcompDev-6
Feb 11, 2026 3:40:45 PM com.f6.Main main
INFO: Activado el SystemTray
Feb 11, 2026 3:40:45 PM com.f6.Main main
INFO: Conexion exitosa: io.socket.client.Manager@3cbbc1e0
Feb 11, 2026 3:40:45 PM com.f6.Main main
INFO: Check-in event emitted with machine name: LabcompDev-6
Feb 11, 2026 3:46:50 PM com.f6.Main main
INFO: Activado el SystemTray
Feb 11, 2026 3:46:50 PM com.f6.Main main
INFO: Conexion exitosa: io.socket.client.Manager@3cbbc1e0
Feb 11, 2026 3:46:50 PM com.f6.Main main
INFO: Check-in event emitted with machine name: LabcompDev-6
Feb 11, 2026 3:50:20 PM com.f6.Main main
INFO: Activado el SystemTray
Feb 11, 2026 3:50:20 PM com.f6.Main main
INFO: Conexion exitosa: io.socket.client.Manager@3cbbc1e0
Feb 11, 2026 3:50:21 PM com.f6.Main main
INFO: Check-in event emitted with machine name: LabcompDev-6
Feb 11, 2026 3:51:26 PM com.f6.Main main
INFO: Activado el SystemTray
Feb 11, 2026 3:51:26 PM com.f6.Main main
INFO: Conexion exitosa: io.socket.client.Manager@3cbbc1e0
Feb 11, 2026 3:51:26 PM com.f6.Main main
INFO: Check-in event emitted with machine name: LabcompDev-6
Feb 11, 2026 3:57:13 PM com.f6.Main main
INFO: Activado el SystemTray
Feb 11, 2026 3:57:13 PM com.f6.Main main
INFO: Conexion exitosa: io.socket.client.Manager@3cbbc1e0
Feb 11, 2026 3:57:13 PM com.f6.Main main
INFO: Check-in event emitted with machine name: LabcompDev-6
Feb 11, 2026 4:22:36 PM com.f6.Main main
INFO: Activado el SystemTray
Feb 11, 2026 4:22:36 PM com.f6.Main main
INFO: Conexion exitosa: io.socket.client.Manager@3cbbc1e0
Feb 11, 2026 4:22:36 PM com.f6.Main main
INFO: Check-in event emitted with machine name: LabcompDev-6
